#
# A fatal error has been detected by the Java Runtime Environment:
#
#  SIGSEGV (0xb) at pc=0x000000010f0c37f6, pid=69717, tid=0x0000000000000307
#
# JRE version: Java(TM) SE Runtime Environment (8.0_131-b11) (build 1.8.0_131-b11)
# Java VM: Java HotSpot(TM) 64-Bit Server VM (25.131-b11 mixed mode bsd-amd64 compressed oops)
# Problematic frame:
# V  [libjvm.dylib+0x16a7f6]  ThreadStateTransition::trans_from_native(JavaThreadState)+0xa
#
# Failed to write core dump. Core dumps have been disabled. To enable core dumping, try "ulimit -c unlimited" before starting Java again
#
# If you would like to submit a bug report, please visit:
#   http://bugreport.java.com/bugreport/crash.jsp
#

---------------  T H R E A D  ---------------

Current thread is native thread

siginfo: si_signo: 11 (SIGSEGV), si_code: 1 (SEGV_MAPERR), si_addr: 0x0000000000000270

Registers:
RAX=0x0000000000000000, RBX=0x0000000000000000, RCX=0x000000010f7894e0, RDX=0x0000000000000000
RSP=0x00007ffee0ccd2b0, RBP=0x00007ffee0ccd2c0, RSI=0x0000000000000006, RDI=0x00007ffee0ccd2d0
R8 =0x0000000000000000, R9 =0x0000000000000000, R10=0x00007fff9358ced8, R11=0x00007fde157f1db0
R12=0x00007fde1619f9f8, R13=0x00007fde17a017e0, R14=0x00007fde1554fcc0, R15=0x00007fde1619f9f8
RIP=0x000000010f0c37f6, EFLAGS=0x0000000000010246, ERR=0x0000000000000006
  TRAPNO=0x000000000000000e

Top of Stack: (sp=0x00007ffee0ccd2b0)
0x00007ffee0ccd2b0:   0000000000000000 00007fde1554fcc0
0x00007ffee0ccd2c0:   00007ffee0ccd2f0 000000010f26dd6a
0x00007ffee0ccd2d0:   0000000000000000 00007fde15487a80
0x00007ffee0ccd2e0:   0000000000000008 00007fde154a0180
0x00007ffee0ccd2f0:   00007ffee0ccd310 00007fff3e41ae3f
0x00007ffee0ccd300:   00007fde1619f9f8 00007fde175b4400
0x00007ffee0ccd310:   00007ffee0ccd330 00007fff3e41ac52
0x00007ffee0ccd320:   00007fde15487a00 00007fde15695fe0
0x00007ffee0ccd330:   00007ffee0ccd390 000000012f592f53
0x00007ffee0ccd340:   00007fde175b4400 0000000000000000
0x00007ffee0ccd350:   413afe9ac23b3899 00007fde154a1e00
0x00007ffee0ccd360:   00007ffee0ccd390 00007fde154a0180
0x00007ffee0ccd370:   00007fde154a0180 00007fde17a017e0
0x00007ffee0ccd380:   00007fff66364a00 00007fde154a1e00
0x00007ffee0ccd390:   00007ffee0ccd440 00007fff452b7c5a
0x00007ffee0ccd3a0:   0000000000000000 0000000000000000
0x00007ffee0ccd3b0:   00007fde154a0180 0000000000000000
0x00007ffee0ccd3c0:   000000041591c400 0000000000000000
0x00007ffee0ccd3d0:   413afe9ac23b3899 0000000000000000
0x00007ffee0ccd3e0:   00007fde154a0180 0000000000000000
0x00007ffee0ccd3f0:   00007fde154a0180 00007ffee0ccd418
0x00007ffee0ccd400:   00007ffee0ccd440 00007fff452b7476
0x00007ffee0ccd410:   1e82895092a40027 00007fff66364a00
0x00007ffee0ccd420:   0000000000000004 0000000000000000
0x00007ffee0ccd430:   00007fde154a0180 00007fff383a5115
0x00007ffee0ccd440:   00007ffee0ccd4c0 00007fff452b7246
0x00007ffee0ccd450:   00007ffee0ccd4e0 407de00000000000
0x00007ffee0ccd460:   407f400000000000 3ff0000000000000
0x00007ffee0ccd470:   0000000000000000 0000000000000000
0x00007ffee0ccd480:   407f400000000000 407de00000000000
0x00007ffee0ccd490:   1e82895092a40027 00007ffee0ccd590
0x00007ffee0ccd4a0:   00007fde17a00e00 00007fff66364a00 

Instructions: (pc=0x000000010f0c37f6)
0x000000010f0c37d6:   0e 48 8b 0b 49 8b 56 18 48 63 c0 48 89 0c c2 5b
0x000000010f0c37e6:   41 5e 5d c3 90 90 55 48 89 e5 41 56 53 48 8b 1f
0x000000010f0c37f6:   c7 83 70 02 00 00 05 00 00 00 48 8d 05 21 6c 78
0x000000010f0c3806:   00 8b 00 83 f8 01 41 89 f6 75 0c 48 8d 0d 6e d7 

Register to memory mapping:

RAX=0x0000000000000000 is an unknown value
RBX=0x0000000000000000 is an unknown value
RCX=0x000000010f7894e0: jni_NativeInterface+0 in /Library/Java/JavaVirtualMachines/jdk1.8.0_131.jdk/Contents/Home/jre/lib/server/libjvm.dylib at 0x000000010ef59000
RDX=0x0000000000000000 is an unknown value
RSP=0x00007ffee0ccd2b0 is an unknown value
RBP=0x00007ffee0ccd2c0 is an unknown value
RSI=0x0000000000000006 is an unknown value
RDI=0x00007ffee0ccd2d0 is an unknown value
R8 =0x0000000000000000 is an unknown value
R9 =0x0000000000000000 is an unknown value
R10=0x00007fff9358ced8: OBJC_CLASS_$_JNFWeakJObjectWrapper+0 in /System/Library/Frameworks/JavaVM.framework/Versions/A/Frameworks/JavaNativeFoundation.framework/Versions/A/JavaNativeFoundation at 0x00007fff3e414000
R11=0x00007fde157f1db0 is an unknown value
R12=0x00007fde1619f9f8 is an unknown value
R13=0x00007fde17a017e0 is an unknown value
R14=0x00007fde1554fcc0 is a weak global jni handle
R15=0x00007fde1619f9f8 is an unknown value


Stack: [0x00007ffee04d2000,0x00007ffee0cd2000],  sp=0x00007ffee0ccd2b0,  free space=8172k
Native frames: (J=compiled Java code, j=interpreted, Vv=VM code, C=native code)
V  [libjvm.dylib+0x16a7f6]  ThreadStateTransition::trans_from_native(JavaThreadState)+0xa
V  [libjvm.dylib+0x314d6a]  jni_IsSameObject+0x30
C  [JavaNativeFoundation+0x6e3f]  -[JNFWeakJObjectWrapper _getWithEnv:]+0x26
C  [JavaNativeFoundation+0x6c52]  -[JNFJObjectWrapper jObjectWithEnv:]+0x16
C  [libawt_lwawt.dylib+0x1af53]  -[CGLLayer drawInCGLContext:pixelFormat:forLayerTime:displayTime:]+0xa4
C  [QuartzCore+0xb1c5a]  CAOpenGLLayerDraw(CAOpenGLLayer*, double, CVTimeStamp const*, unsigned int)+0x7b6
C  [QuartzCore+0xb1246]  -[CAOpenGLLayer _display]+0x243
C  [QuartzCore+0x141a4]  CA::Layer::display_if_needed(CA::Transaction*)+0x27a
C  [QuartzCore+0x242f]  CA::Context::commit_transaction(CA::Transaction*)+0x13f
C  [QuartzCore+0x1d00]  CA::Transaction::commit()+0x240
C  [QuartzCore+0x1a0c]  CA::Transaction::observer_callback(__CFRunLoopObserver*, unsigned long, void*)+0x42
C  [CoreFoundation+0x996ad]  __CFRUNLOOP_IS_CALLING_OUT_TO_AN_OBSERVER_CALLBACK_FUNCTION__+0x17
C  [CoreFoundation+0x995e2]  __CFRunLoopDoObservers+0x1c4
C  [CoreFoundation+0x3b238]  __CFRunLoopRun+0x5bd
C  [CoreFoundation+0x3aa28]  CFRunLoopRunSpecific+0x1cf
C  [java+0x6465]  CreateExecutionEnvironment+0x367
C  [java+0x218c]  JLI_Launch+0x7a0
C  [java+0x84c2]  main+0x65
C  [java+0x19e4]  start+0x34


---------------  P R O C E S S  ---------------

VM state:not at safepoint (normal execution)

VM Mutex/Monitor currently owned by a thread: None

Heap:
 PSYoungGen      total 76288K, used 14385K [0x000000076ab00000, 0x0000000770000000, 0x00000007c0000000)
  eden space 65536K, 21% used [0x000000076ab00000,0x000000076b90c648,0x000000076eb00000)
  from space 10752K, 0% used [0x000000076eb00000,0x000000076eb00000,0x000000076f580000)
  to   space 10752K, 0% used [0x000000076f580000,0x000000076f580000,0x0000000770000000)
 ParOldGen       total 121856K, used 6320K [0x00000006c0000000, 0x00000006c7700000, 0x000000076ab00000)
  object space 121856K, 5% used [0x00000006c0000000,0x00000006c062c240,0x00000006c7700000)
 Metaspace       used 22919K, capacity 23940K, committed 23984K, reserved 1069056K
  class space    used 3281K, capacity 3495K, committed 3504K, reserved 1048576K

Card table byte_map: [0x0000000110bc0000,0x00000001113c1000] byte_map_base: 0x000000010d5c0000

Marking Bits: (ParMarkBitMap*) 0x000000010f84aea0
 Begin Bits: [0x00000001254c0000, 0x00000001294c0000)
 End Bits:   [0x00000001294c0000, 0x000000012d4c0000)

Polling page: 0x000000010ff3f000

CodeCache: size=245760Kb used=5725Kb max_used=5725Kb free=240034Kb
 bounds [0x00000001164c0000, 0x0000000116a60000, 0x00000001254c0000]
 total_blobs=2666 nmethods=1848 adapters=731
 compilation: enabled

Compilation events (10 events):
Event: 6.639 Thread 0x00007fde16881000 nmethod 1841 0x0000000116a55b90 code [0x0000000116a55d20, 0x0000000116a560a8]
Event: 6.639 Thread 0x00007fde16881000 1842       3       java.lang.Byte::hashCode (8 bytes)
Event: 6.640 Thread 0x00007fde16881000 nmethod 1842 0x0000000116a56210 code [0x0000000116a56380, 0x0000000116a56530]
Event: 6.640 Thread 0x00007fde16881000 1843       3       java.lang.Byte::hashCode (2 bytes)
Event: 6.640 Thread 0x00007fde16881000 nmethod 1843 0x0000000116a565d0 code [0x0000000116a56720, 0x0000000116a56850]
Event: 6.654 Thread 0x00007fde16881000 1844       1       sun.lwawt.LWComponentPeer::getContainerPeer (5 bytes)
Event: 6.654 Thread 0x00007fde16881000 nmethod 1844 0x0000000116a568d0 code [0x0000000116a56a20, 0x0000000116a56b30]
Event: 6.654 Thread 0x00007fde16881000 1845       3       java.awt.Color::getAlpha (12 bytes)
Event: 6.655 Thread 0x00007fde16881000 nmethod 1845 0x0000000116a56b90 code [0x0000000116a56d00, 0x0000000116a56f28]
Event: 6.655 Thread 0x00007fde16881000 1846       3       java.awt.font.FontRenderContext::equals (127 bytes)

GC Heap History (4 events):
Event: 3.108 GC heap before
{Heap before GC invocations=1 (full 0):
 PSYoungGen      total 76288K, used 56918K [0x000000076ab00000, 0x0000000770000000, 0x00000007c0000000)
  eden space 65536K, 86% used [0x000000076ab00000,0x000000076e295bb8,0x000000076eb00000)
  from space 10752K, 0% used [0x000000076f580000,0x000000076f580000,0x0000000770000000)
  to   space 10752K, 0% used [0x000000076eb00000,0x000000076eb00000,0x000000076f580000)
 ParOldGen       total 175104K, used 0K [0x00000006c0000000, 0x00000006cab00000, 0x000000076ab00000)
  object space 175104K, 0% used [0x00000006c0000000,0x00000006c0000000,0x00000006cab00000)
 Metaspace       used 20456K, capacity 21244K, committed 21296K, reserved 1067008K
  class space    used 2898K, capacity 3097K, committed 3120K, reserved 1048576K
Event: 3.119 GC heap after
Heap after GC invocations=1 (full 0):
 PSYoungGen      total 76288K, used 6328K [0x000000076ab00000, 0x0000000770000000, 0x00000007c0000000)
  eden space 65536K, 0% used [0x000000076ab00000,0x000000076ab00000,0x000000076eb00000)
  from space 10752K, 58% used [0x000000076eb00000,0x000000076f12e258,0x000000076f580000)
  to   space 10752K, 0% used [0x000000076f580000,0x000000076f580000,0x0000000770000000)
 ParOldGen       total 175104K, used 80K [0x00000006c0000000, 0x00000006cab00000, 0x000000076ab00000)
  object space 175104K, 0% used [0x00000006c0000000,0x00000006c0014010,0x00000006cab00000)
 Metaspace       used 20456K, capacity 21244K, committed 21296K, reserved 1067008K
  class space    used 2898K, capacity 3097K, committed 3120K, reserved 1048576K
}
Event: 3.119 GC heap before
{Heap before GC invocations=2 (full 1):
 PSYoungGen      total 76288K, used 6328K [0x000000076ab00000, 0x0000000770000000, 0x00000007c0000000)
  eden space 65536K, 0% used [0x000000076ab00000,0x000000076ab00000,0x000000076eb00000)
  from space 10752K, 58% used [0x000000076eb00000,0x000000076f12e258,0x000000076f580000)
  to   space 10752K, 0% used [0x000000076f580000,0x000000076f580000,0x0000000770000000)
 ParOldGen       total 175104K, used 80K [0x00000006c0000000, 0x00000006cab00000, 0x000000076ab00000)
  object space 175104K, 0% used [0x00000006c0000000,0x00000006c0014010,0x00000006cab00000)
 Metaspace       used 20456K, capacity 21244K, committed 21296K, reserved 1067008K
  class space    used 2898K, capacity 3097K, committed 3120K, reserved 1048576K
Event: 3.154 GC heap after
Heap after GC invocations=2 (full 1):
 PSYoungGen      total 76288K, used 0K [0x000000076ab00000, 0x0000000770000000, 0x00000007c0000000)
  eden space 65536K, 0% used [0x000000076ab00000,0x000000076ab00000,0x000000076eb00000)
  from space 10752K, 0% used [0x000000076eb00000,0x000000076eb00000,0x000000076f580000)
  to   space 10752K, 0% used [0x000000076f580000,0x000000076f580000,0x0000000770000000)
 ParOldGen       total 121856K, used 6320K [0x00000006c0000000, 0x00000006c7700000, 0x000000076ab00000)
  object space 121856K, 5% used [0x00000006c0000000,0x00000006c062c240,0x00000006c7700000)
 Metaspace       used 20456K, capacity 21244K, committed 21296K, reserved 1067008K
  class space    used 2898K, capacity 3097K, committed 3120K, reserved 1048576K
}

Deoptimization events (10 events):
Event: 2.814 Thread 0x00007fde1619f800 Uncommon trap: reason=class_check action=maybe_recompile pc=0x00000001167c4044 method=java.io.DataInputStream.readShort()S @ 4
Event: 2.818 Thread 0x00007fde1619f800 Uncommon trap: reason=class_check action=maybe_recompile pc=0x00000001165e6608 method=java.lang.String.equals(Ljava/lang/Object;)Z @ 8
Event: 2.818 Thread 0x00007fde1619f800 Uncommon trap: reason=class_check action=maybe_recompile pc=0x00000001165e6608 method=java.lang.String.equals(Ljava/lang/Object;)Z @ 8
Event: 2.818 Thread 0x00007fde1619f800 Uncommon trap: reason=class_check action=maybe_recompile pc=0x00000001165e6608 method=java.lang.String.equals(Ljava/lang/Object;)Z @ 8
Event: 2.820 Thread 0x00007fde1619f800 Uncommon trap: reason=class_check action=maybe_recompile pc=0x00000001165e6608 method=java.lang.String.equals(Ljava/lang/Object;)Z @ 8
Event: 3.044 Thread 0x00007fde1619f800 Uncommon trap: reason=class_check action=maybe_recompile pc=0x0000000116830138 method=java.util.HashMap.putVal(ILjava/lang/Object;Ljava/lang/Object;ZZ)Ljava/lang/Object; @ 203
Event: 3.044 Thread 0x00007fde1619f800 Uncommon trap: reason=class_check action=maybe_recompile pc=0x0000000116830138 method=java.util.HashMap.putVal(ILjava/lang/Object;Ljava/lang/Object;ZZ)Ljava/lang/Object; @ 203
Event: 3.044 Thread 0x00007fde1619f800 Uncommon trap: reason=class_check action=maybe_recompile pc=0x0000000116822c70 method=java.util.HashMap.putVal(ILjava/lang/Object;Ljava/lang/Object;ZZ)Ljava/lang/Object; @ 203
Event: 3.044 Thread 0x00007fde1619f800 Uncommon trap: reason=unstable_if action=reinterpret pc=0x000000011673c8f0 method=java.lang.CharacterData.of(I)Ljava/lang/CharacterData; @ 4
Event: 3.398 Thread 0x00007fde1621f800 Uncommon trap: reason=unstable_if action=reinterpret pc=0x000000011682899c method=java.lang.ref.SoftReference.get()Ljava/lang/Object; @ 17

Internal exceptions (10 events):
Event: 2.526 Thread 0x00007fde1619f800 Exception <a 'java/lang/ArrayIndexOutOfBoundsException'> (0x000000076d0cd020) thrown at [/Users/java_re/workspace/8-2-build-macosx-x86_64/jdk8u131/8869/hotspot/src/share/vm/runtime/sharedRuntime.cpp, line 605]
Event: 2.528 Thread 0x00007fde1619f800 Exception <a 'java/lang/ArrayIndexOutOfBoundsException'> (0x000000076d0d4b08) thrown at [/Users/java_re/workspace/8-2-build-macosx-x86_64/jdk8u131/8869/hotspot/src/share/vm/runtime/sharedRuntime.cpp, line 605]
Event: 2.619 Thread 0x00007fde1619f800 Exception <a 'java/lang/ArrayIndexOutOfBoundsException'> (0x000000076d3a62f8) thrown at [/Users/java_re/workspace/8-2-build-macosx-x86_64/jdk8u131/8869/hotspot/src/share/vm/runtime/sharedRuntime.cpp, line 605]
Event: 2.686 Thread 0x00007fde1619f800 Exception <a 'java/io/FileNotFoundException'> (0x000000076d743fe8) thrown at [/Users/java_re/workspace/8-2-build-macosx-x86_64/jdk8u131/8869/hotspot/src/share/vm/prims/jni.cpp, line 709]
Event: 2.735 Thread 0x00007fde1619f800 Exception <a 'java/io/FileNotFoundException'> (0x000000076d982408) thrown at [/Users/java_re/workspace/8-2-build-macosx-x86_64/jdk8u131/8869/hotspot/src/share/vm/prims/jni.cpp, line 709]
Event: 2.739 Thread 0x00007fde1619f800 Exception <a 'java/io/FileNotFoundException'> (0x000000076d9b4ef0) thrown at [/Users/java_re/workspace/8-2-build-macosx-x86_64/jdk8u131/8869/hotspot/src/share/vm/prims/jni.cpp, line 709]
Event: 2.743 Thread 0x00007fde1619f800 Exception <a 'java/io/FileNotFoundException'> (0x000000076d9f5cf8) thrown at [/Users/java_re/workspace/8-2-build-macosx-x86_64/jdk8u131/8869/hotspot/src/share/vm/prims/jni.cpp, line 709]
Event: 2.748 Thread 0x00007fde1619f800 Exception <a 'java/io/FileNotFoundException'> (0x000000076da20868) thrown at [/Users/java_re/workspace/8-2-build-macosx-x86_64/jdk8u131/8869/hotspot/src/share/vm/prims/jni.cpp, line 709]
Event: 2.751 Thread 0x00007fde1619f800 Exception <a 'java/io/FileNotFoundException'> (0x000000076da3bf48) thrown at [/Users/java_re/workspace/8-2-build-macosx-x86_64/jdk8u131/8869/hotspot/src/share/vm/prims/jni.cpp, line 709]
Event: 3.156 Thread 0x00007fde16024800 Exception <a 'java/lang/NullPointerException'> (0x000000076ac03be0) thrown at [/Users/java_re/workspace/8-2-build-macosx-x86_64/jdk8u131/8869/hotspot/src/share/vm/interpreter/linkResolver.cpp, line 1197]

Events (10 events):
Event: 6.625 loading class javafx/application/Application done
Event: 6.641 loading class com/sun/javafx/tk/quantum/QuantumRenderer
Event: 6.641 loading class com/sun/javafx/tk/quantum/QuantumRenderer done
Event: 6.642 loading class com/sun/javafx/tk/quantum/QuantumToolkit
Event: 6.642 loading class com/sun/javafx/tk/quantum/QuantumToolkit done
Event: 6.642 Thread 0x00007fde16879800 Thread exited: 0x00007fde16879800
Event: 6.642 Thread 0x00007fde1591b800 Thread exited: 0x00007fde1591b800
Event: 6.642 Thread 0x00007fde16008800 Thread exited: 0x00007fde16008800
Event: 6.642 Thread 0x00007fde1764d000 Thread added: 0x00007fde1764d000
Event: 6.642 Thread 0x00007fde1619f800 Thread exited: 0x00007fde1619f800


Dynamic libraries:
0x000000000ffba000 	/System/Library/Frameworks/Cocoa.framework/Versions/A/Cocoa
0x000000000ffba000 	/System/Library/Frameworks/Security.framework/Versions/A/Security
0x000000000ffba000 	/System/Library/Frameworks/ApplicationServices.framework/Versions/A/ApplicationServices
0x000000000ffba000 	/usr/lib/libz.1.dylib
0x000000000ffba000 	/usr/lib/libSystem.B.dylib
0x000000000ffba000 	/usr/lib/libobjc.A.dylib
0x000000000ffba000 	/System/Library/Frameworks/CoreFoundation.framework/Versions/A/CoreFoundation
0x000000000ffba000 	/System/Library/Frameworks/Foundation.framework/Versions/C/Foundation
0x000000000ffba000 	/System/Library/Frameworks/AppKit.framework/Versions/C/AppKit
0x000000000ffba000 	/System/Library/Frameworks/CoreData.framework/Versions/A/CoreData
0x000000000ffba000 	/System/Library/PrivateFrameworks/RemoteViewServices.framework/Versions/A/RemoteViewServices
0x000000000ffba000 	/System/Library/PrivateFrameworks/UIFoundation.framework/Versions/A/UIFoundation
0x000000000ffba000 	/System/Library/PrivateFrameworks/XCTTargetBootstrap.framework/Versions/A/XCTTargetBootstrap
0x000000000ffba000 	/System/Library/PrivateFrameworks/IconServices.framework/Versions/A/IconServices
0x000000000ffba000 	/System/Library/Frameworks/Metal.framework/Versions/A/Metal
0x000000000ffba000 	/System/Library/PrivateFrameworks/DesktopServicesPriv.framework/Versions/A/DesktopServicesPriv
0x000000000ffba000 	/usr/lib/libenergytrace.dylib
0x000000000ffba000 	/System/Library/PrivateFrameworks/SkyLight.framework/Versions/A/SkyLight
0x000000000ffba000 	/System/Library/Frameworks/CoreGraphics.framework/Versions/A/CoreGraphics
0x000000000ffba000 	/System/Library/Frameworks/Accelerate.framework/Versions/A/Accelerate
0x000000000ffba000 	/System/Library/Frameworks/IOSurface.framework/Versions/A/IOSurface
0x000000000ffba000 	/System/Library/PrivateFrameworks/DFRFoundation.framework/Versions/A/DFRFoundation
0x000000000ffba000 	/System/Library/Frameworks/AudioToolbox.framework/Versions/A/AudioToolbox
0x000000000ffba000 	/System/Library/Frameworks/AudioUnit.framework/Versions/A/AudioUnit
0x000000000ffba000 	/System/Library/PrivateFrameworks/DataDetectorsCore.framework/Versions/A/DataDetectorsCore
0x000000000ffba000 	/System/Library/Frameworks/Carbon.framework/Versions/A/Frameworks/HIToolbox.framework/Versions/A/HIToolbox
0x000000000ffba000 	/usr/lib/libicucore.A.dylib
0x000000000ffba000 	/System/Library/Frameworks/QuartzCore.framework/Versions/A/QuartzCore
0x000000000ffba000 	/System/Library/Frameworks/Carbon.framework/Versions/A/Frameworks/SpeechRecognition.framework/Versions/A/SpeechRecognition
0x000000000ffba000 	/usr/lib/libauto.dylib
0x000000000ffba000 	/usr/lib/libxml2.2.dylib
0x000000000ffba000 	/System/Library/PrivateFrameworks/CoreUI.framework/Versions/A/CoreUI
0x000000000ffba000 	/System/Library/Frameworks/CoreAudio.framework/Versions/A/CoreAudio
0x000000000ffba000 	/System/Library/Frameworks/DiskArbitration.framework/Versions/A/DiskArbitration
0x000000000ffba000 	/usr/lib/liblangid.dylib
0x000000000ffba000 	/System/Library/PrivateFrameworks/MultitouchSupport.framework/Versions/A/MultitouchSupport
0x000000000ffba000 	/System/Library/Frameworks/IOKit.framework/Versions/A/IOKit
0x000000000ffba000 	/usr/lib/libDiagnosticMessagesClient.dylib
0x000000000ffba000 	/System/Library/Frameworks/CoreServices.framework/Versions/A/CoreServices
0x000000000ffba000 	/System/Library/PrivateFrameworks/PerformanceAnalysis.framework/Versions/A/PerformanceAnalysis
0x000000000ffba000 	/System/Library/Frameworks/OpenGL.framework/Versions/A/OpenGL
0x000000000ffba000 	/System/Library/Frameworks/ColorSync.framework/Versions/A/ColorSync
0x000000000ffba000 	/System/Library/Frameworks/CoreImage.framework/Versions/A/CoreImage
0x000000000ffba000 	/System/Library/Frameworks/CoreText.framework/Versions/A/CoreText
0x000000000ffba000 	/System/Library/Frameworks/ImageIO.framework/Versions/A/ImageIO
0x000000000ffba000 	/System/Library/PrivateFrameworks/Backup.framework/Versions/A/Backup
0x000000000ffba000 	/usr/lib/libarchive.2.dylib
0x000000000ffba000 	/System/Library/Frameworks/CFNetwork.framework/Versions/A/CFNetwork
0x000000000ffba000 	/System/Library/Frameworks/SystemConfiguration.framework/Versions/A/SystemConfiguration
0x000000000ffba000 	/usr/lib/libCRFSuite.dylib
0x000000000ffba000 	/usr/lib/libc++.1.dylib
0x000000000ffba000 	/usr/lib/libc++abi.dylib
0x000000000ffba000 	/usr/lib/system/libcache.dylib
0x000000000ffba000 	/usr/lib/system/libcommonCrypto.dylib
0x000000000ffba000 	/usr/lib/system/libcompiler_rt.dylib
0x000000000ffba000 	/usr/lib/system/libcopyfile.dylib
0x000000000ffba000 	/usr/lib/system/libcorecrypto.dylib
0x000000000ffba000 	/usr/lib/system/libdispatch.dylib
0x000000000ffba000 	/usr/lib/system/libdyld.dylib
0x000000000ffba000 	/usr/lib/system/libkeymgr.dylib
0x000000000ffba000 	/usr/lib/system/liblaunch.dylib
0x000000000ffba000 	/usr/lib/system/libmacho.dylib
0x000000000ffba000 	/usr/lib/system/libquarantine.dylib
0x000000000ffba000 	/usr/lib/system/libremovefile.dylib
0x000000000ffba000 	/usr/lib/system/libsystem_asl.dylib
0x000000000ffba000 	/usr/lib/system/libsystem_blocks.dylib
0x000000000ffba000 	/usr/lib/system/libsystem_c.dylib
0x000000000ffba000 	/usr/lib/system/libsystem_configuration.dylib
0x000000000ffba000 	/usr/lib/system/libsystem_coreservices.dylib
0x000000000ffba000 	/usr/lib/system/libsystem_darwin.dylib
0x000000000ffba000 	/usr/lib/system/libsystem_dnssd.dylib
0x000000000ffba000 	/usr/lib/system/libsystem_info.dylib
0x000000000ffba000 	/usr/lib/system/libsystem_m.dylib
0x000000000ffba000 	/usr/lib/system/libsystem_malloc.dylib
0x000000000ffba000 	/usr/lib/system/libsystem_networkextension.dylib
0x000000000ffba000 	/usr/lib/system/libsystem_notify.dylib
0x000000000ffba000 	/usr/lib/system/libsystem_sandbox.dylib
0x000000000ffba000 	/usr/lib/system/libsystem_secinit.dylib
0x000000000ffba000 	/usr/lib/system/libsystem_kernel.dylib
0x000000000ffba000 	/usr/lib/system/libsystem_platform.dylib
0x000000000ffba000 	/usr/lib/system/libsystem_pthread.dylib
0x000000000ffba000 	/usr/lib/system/libsystem_symptoms.dylib
0x000000000ffba000 	/usr/lib/system/libsystem_trace.dylib
0x000000000ffba000 	/usr/lib/system/libunwind.dylib
0x000000000ffba000 	/usr/lib/system/libxpc.dylib
0x000000000ffba000 	/usr/lib/libbsm.0.dylib
0x000000000ffba000 	/usr/lib/system/libkxld.dylib
0x000000000ffba000 	/System/Library/PrivateFrameworks/AppleFSCompression.framework/Versions/A/AppleFSCompression
0x000000000ffba000 	/usr/lib/libOpenScriptingUtil.dylib
0x000000000ffba000 	/usr/lib/libcoretls.dylib
0x000000000ffba000 	/usr/lib/libcoretls_cfhelpers.dylib
0x000000000ffba000 	/usr/lib/libpam.2.dylib
0x000000000ffba000 	/usr/lib/libsqlite3.dylib
0x000000000ffba000 	/usr/lib/libxar.1.dylib
0x000000000ffba000 	/usr/lib/libbz2.1.0.dylib
0x000000000ffba000 	/usr/lib/liblzma.5.dylib
0x000000000ffba000 	/usr/lib/libnetwork.dylib
0x000000000ffba000 	/usr/lib/libapple_nghttp2.dylib
0x000000000ffba000 	/usr/lib/libpcap.A.dylib
0x000000000ffba000 	/System/Library/Frameworks/CoreServices.framework/Versions/A/Frameworks/FSEvents.framework/Versions/A/FSEvents
0x000000000ffba000 	/System/Library/Frameworks/CoreServices.framework/Versions/A/Frameworks/CarbonCore.framework/Versions/A/CarbonCore
0x000000000ffba000 	/System/Library/Frameworks/CoreServices.framework/Versions/A/Frameworks/Metadata.framework/Versions/A/Metadata
0x000000000ffba000 	/System/Library/Frameworks/CoreServices.framework/Versions/A/Frameworks/OSServices.framework/Versions/A/OSServices
0x000000000ffba000 	/System/Library/Frameworks/CoreServices.framework/Versions/A/Frameworks/SearchKit.framework/Versions/A/SearchKit
0x000000000ffba000 	/System/Library/Frameworks/CoreServices.framework/Versions/A/Frameworks/AE.framework/Versions/A/AE
0x000000000ffba000 	/System/Library/Frameworks/CoreServices.framework/Versions/A/Frameworks/LaunchServices.framework/Versions/A/LaunchServices
0x000000000ffba000 	/System/Library/Frameworks/CoreServices.framework/Versions/A/Frameworks/DictionaryServices.framework/Versions/A/DictionaryServices
0x000000000ffba000 	/System/Library/Frameworks/CoreServices.framework/Versions/A/Frameworks/SharedFileList.framework/Versions/A/SharedFileList
0x000000000ffba000 	/System/Library/Frameworks/NetFS.framework/Versions/A/NetFS
0x000000000ffba000 	/System/Library/PrivateFrameworks/NetAuth.framework/Versions/A/NetAuth
0x000000000ffba000 	/System/Library/PrivateFrameworks/login.framework/Versions/A/Frameworks/loginsupport.framework/Versions/A/loginsupport
0x000000000ffba000 	/System/Library/PrivateFrameworks/TCC.framework/Versions/A/TCC
0x000000000ffba000 	/System/Library/PrivateFrameworks/CoreNLP.framework/Versions/A/CoreNLP
0x000000000ffba000 	/System/Library/PrivateFrameworks/MetadataUtilities.framework/Versions/A/MetadataUtilities
0x000000000ffba000 	/usr/lib/libmecabra.dylib
0x000000000ffba000 	/System/Library/Frameworks/ApplicationServices.framework/Versions/A/Frameworks/ATS.framework/Versions/A/ATS
0x000000000ffba000 	/System/Library/Frameworks/ApplicationServices.framework/Versions/A/Frameworks/ColorSyncLegacy.framework/Versions/A/ColorSyncLegacy
0x000000000ffba000 	/System/Library/Frameworks/ApplicationServices.framework/Versions/A/Frameworks/HIServices.framework/Versions/A/HIServices
0x000000000ffba000 	/System/Library/Frameworks/ApplicationServices.framework/Versions/A/Frameworks/LangAnalysis.framework/Versions/A/LangAnalysis
0x000000000ffba000 	/System/Library/Frameworks/ApplicationServices.framework/Versions/A/Frameworks/PrintCore.framework/Versions/A/PrintCore
0x000000000ffba000 	/System/Library/Frameworks/ApplicationServices.framework/Versions/A/Frameworks/QD.framework/Versions/A/QD
0x000000000ffba000 	/System/Library/Frameworks/ApplicationServices.framework/Versions/A/Frameworks/SpeechSynthesis.framework/Versions/A/SpeechSynthesis
0x000000000ffba000 	/usr/lib/libcompression.dylib
0x000000000ffba000 	/System/Library/Frameworks/CoreDisplay.framework/Versions/A/CoreDisplay
0x000000000ffba000 	/System/Library/Frameworks/MetalPerformanceShaders.framework/Versions/A/MetalPerformanceShaders
0x000000000ffba000 	/System/Library/Frameworks/Accelerate.framework/Versions/A/Frameworks/vImage.framework/Versions/A/vImage
0x000000000ffba000 	/System/Library/Frameworks/Accelerate.framework/Versions/A/Frameworks/vecLib.framework/Versions/A/vecLib
0x000000000ffba000 	/System/Library/Frameworks/Accelerate.framework/Versions/A/Frameworks/vecLib.framework/Versions/A/libvMisc.dylib
0x000000000ffba000 	/System/Library/Frameworks/Accelerate.framework/Versions/A/Frameworks/vecLib.framework/Versions/A/libvDSP.dylib
0x000000000ffba000 	/System/Library/Frameworks/Accelerate.framework/Versions/A/Frameworks/vecLib.framework/Versions/A/libBLAS.dylib
0x000000000ffba000 	/System/Library/Frameworks/Accelerate.framework/Versions/A/Frameworks/vecLib.framework/Versions/A/libLAPACK.dylib
0x000000000ffba000 	/System/Library/Frameworks/Accelerate.framework/Versions/A/Frameworks/vecLib.framework/Versions/A/libLinearAlgebra.dylib
0x000000000ffba000 	/System/Library/Frameworks/Accelerate.framework/Versions/A/Frameworks/vecLib.framework/Versions/A/libSparseBLAS.dylib
0x000000000ffba000 	/System/Library/Frameworks/Accelerate.framework/Versions/A/Frameworks/vecLib.framework/Versions/A/libQuadrature.dylib
0x000000000ffba000 	/System/Library/Frameworks/Accelerate.framework/Versions/A/Frameworks/vecLib.framework/Versions/A/libBNNS.dylib
0x000000000ffba000 	/System/Library/Frameworks/Accelerate.framework/Versions/A/Frameworks/vecLib.framework/Versions/A/libSparse.dylib
0x000000000ffba000 	/System/Library/PrivateFrameworks/GPUWrangler.framework/Versions/A/GPUWrangler
0x000000000ffba000 	/System/Library/PrivateFrameworks/IOAccelerator.framework/Versions/A/IOAccelerator
0x000000000ffba000 	/System/Library/PrivateFrameworks/IOPresentment.framework/Versions/A/IOPresentment
0x000000000ffba000 	/System/Library/PrivateFrameworks/DSExternalDisplay.framework/Versions/A/DSExternalDisplay
0x000000000ffba000 	/System/Library/Frameworks/OpenGL.framework/Versions/A/Libraries/libCoreFSCache.dylib
0x000000000ffba000 	/System/Library/Frameworks/MetalPerformanceShaders.framework/Frameworks/MPSCore.framework/Versions/A/MPSCore
0x000000000ffba000 	/System/Library/Frameworks/MetalPerformanceShaders.framework/Frameworks/MPSImage.framework/Versions/A/MPSImage
0x000000000ffba000 	/System/Library/Frameworks/MetalPerformanceShaders.framework/Frameworks/MPSNeuralNetwork.framework/Versions/A/MPSNeuralNetwork
0x000000000ffba000 	/System/Library/Frameworks/MetalPerformanceShaders.framework/Frameworks/MPSMatrix.framework/Versions/A/MPSMatrix
0x000000000ffba000 	/System/Library/Frameworks/MetalPerformanceShaders.framework/Frameworks/MPSRayIntersector.framework/Versions/A/MPSRayIntersector
0x000000000ffba000 	/System/Library/PrivateFrameworks/MetalTools.framework/Versions/A/MetalTools
0x000000000ffba000 	/System/Library/PrivateFrameworks/AggregateDictionary.framework/Versions/A/AggregateDictionary
0x000000000ffba000 	/usr/lib/libMobileGestalt.dylib
0x000000000ffba000 	/System/Library/Frameworks/CoreVideo.framework/Versions/A/CoreVideo
0x000000000ffba000 	/System/Library/PrivateFrameworks/GraphVisualizer.framework/Versions/A/GraphVisualizer
0x000000000ffba000 	/System/Library/PrivateFrameworks/FaceCore.framework/Versions/A/FaceCore
0x000000000ffba000 	/System/Library/Frameworks/OpenCL.framework/Versions/A/OpenCL
0x000000000ffba000 	/usr/lib/libFosl_dynamic.dylib
0x000000000ffba000 	/System/Library/PrivateFrameworks/OTSVG.framework/Versions/A/OTSVG
0x000000000ffba000 	/System/Library/Frameworks/ApplicationServices.framework/Versions/A/Frameworks/ATS.framework/Versions/A/Resources/libFontParser.dylib
0x000000000ffba000 	/System/Library/Frameworks/ApplicationServices.framework/Versions/A/Frameworks/ATS.framework/Versions/A/Resources/libFontRegistry.dylib
0x000000000ffba000 	/System/Library/Frameworks/ImageIO.framework/Versions/A/Resources/libJPEG.dylib
0x000000000ffba000 	/System/Library/Frameworks/ImageIO.framework/Versions/A/Resources/libTIFF.dylib
0x000000000ffba000 	/System/Library/Frameworks/ImageIO.framework/Versions/A/Resources/libPng.dylib
0x000000000ffba000 	/System/Library/Frameworks/ImageIO.framework/Versions/A/Resources/libGIF.dylib
0x000000000ffba000 	/System/Library/Frameworks/ImageIO.framework/Versions/A/Resources/libJP2.dylib
0x000000000ffba000 	/System/Library/Frameworks/ImageIO.framework/Versions/A/Resources/libRadiance.dylib
0x000000000ffba000 	/System/Library/PrivateFrameworks/AppleJPEG.framework/Versions/A/AppleJPEG
0x000000000ffba000 	/System/Library/Frameworks/OpenGL.framework/Versions/A/Libraries/libGFXShared.dylib
0x000000000ffba000 	/System/Library/Frameworks/OpenGL.framework/Versions/A/Libraries/libGLU.dylib
0x000000000ffba000 	/System/Library/Frameworks/OpenGL.framework/Versions/A/Libraries/libGL.dylib
0x000000000ffba000 	/System/Library/Frameworks/OpenGL.framework/Versions/A/Libraries/libGLImage.dylib
0x000000000ffba000 	/System/Library/Frameworks/OpenGL.framework/Versions/A/Libraries/libCVMSPluginSupport.dylib
0x000000000ffba000 	/System/Library/Frameworks/OpenGL.framework/Versions/A/Libraries/libCoreVMClient.dylib
0x000000000ffba000 	/usr/lib/libcups.2.dylib
0x000000000ffba000 	/System/Library/Frameworks/Kerberos.framework/Versions/A/Kerberos
0x000000000ffba000 	/System/Library/Frameworks/GSS.framework/Versions/A/GSS
0x000000000ffba000 	/usr/lib/libresolv.9.dylib
0x000000000ffba000 	/usr/lib/libiconv.2.dylib
0x000000000ffba000 	/System/Library/PrivateFrameworks/Heimdal.framework/Versions/A/Heimdal
0x000000000ffba000 	/usr/lib/libheimdal-asn1.dylib
0x000000000ffba000 	/System/Library/Frameworks/OpenDirectory.framework/Versions/A/OpenDirectory
0x000000000ffba000 	/System/Library/PrivateFrameworks/CommonAuth.framework/Versions/A/CommonAuth
0x000000000ffba000 	/System/Library/Frameworks/OpenDirectory.framework/Versions/A/Frameworks/CFOpenDirectory.framework/Versions/A/CFOpenDirectory
0x000000000ffba000 	/System/Library/Frameworks/SecurityFoundation.framework/Versions/A/SecurityFoundation
0x000000000ffba000 	/System/Library/PrivateFrameworks/APFS.framework/Versions/A/APFS
0x000000000ffba000 	/usr/lib/libutil.dylib
0x000000000ffba000 	/usr/lib/libcharset.1.dylib
0x000000000ffba000 	/System/Library/PrivateFrameworks/AppleSauce.framework/Versions/A/AppleSauce
0x000000000ffba000 	/System/Library/PrivateFrameworks/AssertionServices.framework/Versions/A/AssertionServices
0x000000000ffba000 	/System/Library/PrivateFrameworks/BaseBoard.framework/Versions/A/BaseBoard
0x000000000ffba000 	/usr/lib/libmecab.1.0.0.dylib
0x000000000ffba000 	/usr/lib/libgermantok.dylib
0x000000000ffba000 	/usr/lib/libThaiTokenizer.dylib
0x000000000ffba000 	/usr/lib/libChineseTokenizer.dylib
0x000000000ffba000 	/System/Library/PrivateFrameworks/LanguageModeling.framework/Versions/A/LanguageModeling
0x000000000ffba000 	/System/Library/PrivateFrameworks/CoreEmoji.framework/Versions/A/CoreEmoji
0x000000000ffba000 	/System/Library/PrivateFrameworks/Lexicon.framework/Versions/A/Lexicon
0x000000000ffba000 	/System/Library/PrivateFrameworks/LinguisticData.framework/Versions/A/LinguisticData
0x000000000ffba000 	/usr/lib/libcmph.dylib
0x000000000ffba000 	/System/Library/Frameworks/ServiceManagement.framework/Versions/A/ServiceManagement
0x000000000ffba000 	/System/Library/PrivateFrameworks/BackgroundTaskManagement.framework/Versions/A/BackgroundTaskManagement
0x000000000ffba000 	/usr/lib/libxslt.1.dylib
0x000000000ffba000 	/System/Library/Frameworks/Carbon.framework/Versions/A/Frameworks/Ink.framework/Versions/A/Ink
0x000000000ffba000 	/System/Library/PrivateFrameworks/TextureIO.framework/Versions/A/TextureIO
0x000000000ffba000 	/usr/lib/libate.dylib
0x000000000ffba000 	/System/Library/PrivateFrameworks/CrashReporterSupport.framework/Versions/A/CrashReporterSupport
0x000000000ffba000 	/System/Library/PrivateFrameworks/Sharing.framework/Versions/A/Sharing
0x000000000ffba000 	/System/Library/PrivateFrameworks/AuthKit.framework/Versions/A/AuthKit
0x000000000ffba000 	/System/Library/PrivateFrameworks/Apple80211.framework/Versions/A/Apple80211
0x000000000ffba000 	/System/Library/PrivateFrameworks/CoreUtils.framework/Versions/A/CoreUtils
0x000000000ffba000 	/System/Library/Frameworks/CoreWLAN.framework/Versions/A/CoreWLAN
0x000000000ffba000 	/System/Library/Frameworks/IOBluetooth.framework/Versions/A/IOBluetooth
0x000000000ffba000 	/System/Library/PrivateFrameworks/ProtocolBuffer.framework/Versions/A/ProtocolBuffer
0x000000000ffba000 	/System/Library/PrivateFrameworks/MobileKeyBag.framework/Versions/A/MobileKeyBag
0x000000000ffba000 	/System/Library/PrivateFrameworks/CorePhoneNumbers.framework/Versions/A/CorePhoneNumbers
0x000000000ffba000 	/System/Library/PrivateFrameworks/AppleIDAuthSupport.framework/Versions/A/AppleIDAuthSupport
0x000000000ffba000 	/System/Library/PrivateFrameworks/KeychainCircle.framework/Versions/A/KeychainCircle
0x000000000ffba000 	/System/Library/PrivateFrameworks/ROCKit.framework/Versions/A/ROCKit
0x000000000ffba000 	/System/Library/PrivateFrameworks/CoreWiFi.framework/Versions/A/CoreWiFi
0x000000000ffba000 	/System/Library/Frameworks/CoreBluetooth.framework/Versions/A/CoreBluetooth
0x000000000ffba000 	/System/Library/PrivateFrameworks/DebugSymbols.framework/Versions/A/DebugSymbols
0x000000000ffba000 	/System/Library/PrivateFrameworks/CoreSymbolication.framework/Versions/A/CoreSymbolication
0x000000000ffba000 	/System/Library/PrivateFrameworks/Symbolication.framework/Versions/A/Symbolication
0x000000000ffba000 	/System/Library/PrivateFrameworks/SpeechRecognitionCore.framework/Versions/A/SpeechRecognitionCore
0x000000010ef59000 	/Library/Java/JavaVirtualMachines/jdk1.8.0_131.jdk/Contents/Home/jre/lib/server/libjvm.dylib
0x000000000ffba000 	/usr/lib/libstdc++.6.dylib
0x000000010fefc000 	/Library/Java/JavaVirtualMachines/jdk1.8.0_131.jdk/Contents/Home/jre/lib/libverify.dylib
0x000000010ff0a000 	/Library/Java/JavaVirtualMachines/jdk1.8.0_131.jdk/Contents/Home/jre/lib/libjava.dylib
0x000000010ff40000 	/Library/Java/JavaVirtualMachines/jdk1.8.0_131.jdk/Contents/Home/jre/lib/libinstrument.dylib
0x000000010ffde000 	/Library/Java/JavaVirtualMachines/jdk1.8.0_131.jdk/Contents/Home/jre/lib/libzip.dylib
0x000000000ffba000 	/System/Library/Frameworks/JavaVM.framework/Versions/A/Frameworks/JavaRuntimeSupport.framework/Versions/A/JavaRuntimeSupport
0x000000000ffba000 	/System/Library/Frameworks/JavaVM.framework/Versions/A/Frameworks/JavaNativeFoundation.framework/Versions/A/JavaNativeFoundation
0x000000000ffba000 	/System/Library/Frameworks/JavaVM.framework/Versions/A/JavaVM
0x000000000ffba000 	/System/Library/Frameworks/Carbon.framework/Versions/A/Carbon
0x000000000ffba000 	/System/Library/PrivateFrameworks/JavaLaunching.framework/Versions/A/JavaLaunching
0x000000000ffba000 	/System/Library/Frameworks/Carbon.framework/Versions/A/Frameworks/CommonPanels.framework/Versions/A/CommonPanels
0x000000000ffba000 	/System/Library/Frameworks/Carbon.framework/Versions/A/Frameworks/Help.framework/Versions/A/Help
0x000000000ffba000 	/System/Library/Frameworks/Carbon.framework/Versions/A/Frameworks/ImageCapture.framework/Versions/A/ImageCapture
0x000000000ffba000 	/System/Library/Frameworks/Carbon.framework/Versions/A/Frameworks/OpenScripting.framework/Versions/A/OpenScripting
0x000000000ffba000 	/System/Library/Frameworks/Carbon.framework/Versions/A/Frameworks/Print.framework/Versions/A/Print
0x000000000ffba000 	/System/Library/Frameworks/Carbon.framework/Versions/A/Frameworks/SecurityHI.framework/Versions/A/SecurityHI
0x000000011570d000 	/Library/Java/JavaVirtualMachines/jdk1.8.0_131.jdk/Contents/Home/jre/lib/libnet.dylib
0x0000000115803000 	/Library/Java/JavaVirtualMachines/jdk1.8.0_131.jdk/Contents/Home/jre/lib/libprism_es2.dylib
0x000000000ffba000 	/System/Library/PrivateFrameworks/CoreServicesInternal.framework/Versions/A/CoreServicesInternal
0x000000000ffba000 	/System/Library/Frameworks/OpenGL.framework/Versions/A/Resources/GLEngine.bundle/GLEngine
0x000000000ffba000 	/System/Library/Frameworks/OpenGL.framework/Versions/A/Libraries/libGLProgrammability.dylib
0x000000000ffba000 	/System/Library/Extensions/AppleIntelHD5000GraphicsGLDriver.bundle/Contents/MacOS/AppleIntelHD5000GraphicsGLDriver
0x000000000ffba000 	/System/Library/PrivateFrameworks/GPUSupport.framework/Versions/A/Libraries/libGPUSupportMercury.dylib
0x000000000ffba000 	/System/Library/Frameworks/OpenGL.framework/Versions/A/Resources/GLRendererFloat.bundle/GLRendererFloat
0x000000000ffba000 	/System/Library/Frameworks/OpenCL.framework/Versions/A/Libraries/libcldcpuengine.dylib
0x000000000ffba000 	/usr/lib/libcrypto.35.dylib
0x000000000ffba000 	/System/Library/PrivateFrameworks/TrustEvaluationAgent.framework/Versions/A/TrustEvaluationAgent
0x0000000116304000 	/Library/Java/JavaVirtualMachines/jdk1.8.0_131.jdk/Contents/Home/jre/lib/libglass.dylib
0x000000000ffba000 	/System/Library/CoreServices/RawCamera.bundle/Contents/MacOS/RawCamera
0x000000000ffba000 	/System/Library/PrivateFrameworks/MobileAsset.framework/Versions/A/MobileAsset
0x000000000ffba000 	/System/Library/PrivateFrameworks/StreamingZip.framework/Versions/A/StreamingZip
0x000000000ffba000 	/System/Library/Frameworks/MediaToolbox.framework/Versions/A/MediaToolbox
0x000000000ffba000 	/System/Library/PrivateFrameworks/CoreAVCHD.framework/Versions/A/CoreAVCHD
0x000000000ffba000 	/System/Library/Frameworks/MediaAccessibility.framework/Versions/A/MediaAccessibility
0x000000000ffba000 	/System/Library/PrivateFrameworks/Mangrove.framework/Versions/A/Mangrove
0x000000000ffba000 	/System/Library/Frameworks/CoreMedia.framework/Versions/A/CoreMedia
0x000000000ffba000 	/System/Library/Frameworks/VideoToolbox.framework/Versions/A/VideoToolbox
0x000000000ffba000 	/System/Library/PrivateFrameworks/CoreAUC.framework/Versions/A/CoreAUC
0x000000000ffba000 	/usr/lib/libspindump.dylib
0x000000000ffba000 	/System/Library/PrivateFrameworks/AppleVA.framework/Versions/A/AppleVA
0x000000000ffba000 	/System/Library/Frameworks/Accelerate.framework/Versions/A/Frameworks/vImage.framework/Versions/A/Libraries/libCGInterfaces.dylib
0x000000000ffba000 	/System/Library/PrivateFrameworks/FamilyControls.framework/Versions/A/FamilyControls
0x000000000ffba000 	/System/Library/PrivateFrameworks/CommerceKit.framework/Versions/A/Frameworks/CommerceCore.framework/Versions/A/CommerceCore
0x000000000ffba000 	/System/Library/PrivateFrameworks/SystemAdministration.framework/Versions/A/SystemAdministration
0x000000000ffba000 	/System/Library/PrivateFrameworks/AppContainer.framework/Versions/A/AppContainer
0x000000000ffba000 	/System/Library/PrivateFrameworks/AppSandbox.framework/Versions/A/AppSandbox
0x000000000ffba000 	/System/Library/PrivateFrameworks/SecCodeWrapper.framework/Versions/A/SecCodeWrapper
0x000000000ffba000 	/usr/lib/libsandbox.1.dylib
0x000000000ffba000 	/usr/lib/libMatch.1.dylib
0x000000000ffba000 	/System/Library/PrivateFrameworks/DiskManagement.framework/Versions/A/DiskManagement
0x000000000ffba000 	/System/Library/Frameworks/DirectoryService.framework/Versions/A/DirectoryService
0x000000000ffba000 	/System/Library/PrivateFrameworks/DiskImages.framework/Versions/A/DiskImages
0x000000000ffba000 	/System/Library/PrivateFrameworks/LoginUIKit.framework/Versions/A/Frameworks/LoginUICore.framework/Versions/A/LoginUICore
0x000000000ffba000 	/usr/lib/libCoreStorage.dylib
0x000000000ffba000 	/usr/lib/libcsfde.dylib
0x000000000ffba000 	/usr/lib/libodfde.dylib
0x000000000ffba000 	/System/Library/PrivateFrameworks/MediaKit.framework/Versions/A/MediaKit
0x000000000ffba000 	/System/Library/Frameworks/DiscRecording.framework/Versions/A/DiscRecording
0x000000000ffba000 	/System/Library/PrivateFrameworks/EFILogin.framework/Versions/A/EFILogin
0x000000000ffba000 	/System/Library/PrivateFrameworks/ProtectedCloudStorage.framework/Versions/A/ProtectedCloudStorage
0x000000000ffba000 	/usr/lib/libcurl.4.dylib
0x000000000ffba000 	/usr/lib/libcrypto.42.dylib
0x000000000ffba000 	/usr/lib/libssl.44.dylib
0x000000000ffba000 	/System/Library/Frameworks/LDAP.framework/Versions/A/LDAP
0x000000000ffba000 	/usr/lib/libsasl2.2.dylib
0x000000000ffba000 	/System/Library/PrivateFrameworks/CoreDaemon.framework/Versions/B/CoreDaemon
0x000000000ffba000 	/System/Library/PrivateFrameworks/AppleSRP.framework/Versions/A/AppleSRP
0x000000000ffba000 	/System/Library/PrivateFrameworks/ViewBridge.framework/Versions/A/ViewBridge
0x000000012f404000 	/Library/Java/JavaVirtualMachines/jdk1.8.0_131.jdk/Contents/Home/jre/lib/libawt.dylib
0x000000012f4ac000 	/Library/Java/JavaVirtualMachines/jdk1.8.0_131.jdk/Contents/Home/jre/lib/./libmlib_image.dylib
0x000000012f578000 	/Library/Java/JavaVirtualMachines/jdk1.8.0_131.jdk/Contents/Home/jre/lib/libawt_lwawt.dylib
0x000000012f62f000 	/Library/Java/JavaVirtualMachines/jdk1.8.0_131.jdk/Contents/Home/jre/lib/./libosxapp.dylib
0x000000000ffba000 	/System/Library/Frameworks/ExceptionHandling.framework/Versions/A/ExceptionHandling
0x000000012febf000 	/Library/Java/JavaVirtualMachines/jdk1.8.0_131.jdk/Contents/Home/jre/lib/libfontmanager.dylib
0x00000001163d5000 	/Library/Java/JavaVirtualMachines/jdk1.8.0_131.jdk/Contents/Home/jre/lib/libosxui.dylib
0x0000000131319000 	/usr/lib/libobjc-trampolines.dylib
0x000000000ffba000 	/System/Library/Frameworks/ApplicationServices.framework/Versions/A/Frameworks/ATS.framework/Versions/A/Resources/libTrueTypeScaler.dylib
0x00000001317a2000 	/Library/Java/JavaVirtualMachines/jdk1.8.0_131.jdk/Contents/Home/jre/lib/libnio.dylib
0x0000000160aa9000 	/Library/Java/JavaVirtualMachines/jdk1.8.0_131.jdk/Contents/Home/jre/lib/libjavafx_font.dylib
0x000000000ffba000 	/System/Library/Extensions/AppleIntelHD5000GraphicsMTLDriver.bundle/Contents/MacOS/AppleIntelHD5000GraphicsMTLDriver
0x000000000ffba000 	/System/Library/PrivateFrameworks/GPUCompiler.framework/Versions/3902/Libraries/libmetal_timestamp.dylib
0x0000000162d57000 	/Library/Java/JavaVirtualMachines/jdk1.8.0_131.jdk/Contents/Home/jre/lib/libprism_common.dylib

VM Arguments:
jvm_args: -javaagent:/Users/ezeahuna/Library/Application Support/JetBrains/Toolbox/apps/IDEA-U/ch-0/183.4284.148/IntelliJ IDEA.app/Contents/lib/idea_rt.jar=59798:/Users/ezeahuna/Library/Application Support/JetBrains/Toolbox/apps/IDEA-U/ch-0/183.4284.148/IntelliJ IDEA.app/Contents/bin -Dfile.encoding=UTF-8 
java_command: Beep.Beep.Dealership.Application.Main
java_class_path (initial): /Library/Java/JavaVirtualMachines/jdk1.8.0_131.jdk/Contents/Home/jre/lib/charsets.jar:/Library/Java/JavaVirtualMachines/jdk1.8.0_131.jdk/Contents/Home/jre/lib/deploy.jar:/Library/Java/JavaVirtualMachines/jdk1.8.0_131.jdk/Contents/Home/jre/lib/ext/cldrdata.jar:/Library/Java/JavaVirtualMachines/jdk1.8.0_131.jdk/Contents/Home/jre/lib/ext/dnsns.jar:/Library/Java/JavaVirtualMachines/jdk1.8.0_131.jdk/Contents/Home/jre/lib/ext/jaccess.jar:/Library/Java/JavaVirtualMachines/jdk1.8.0_131.jdk/Contents/Home/jre/lib/ext/jfxrt.jar:/Library/Java/JavaVirtualMachines/jdk1.8.0_131.jdk/Contents/Home/jre/lib/ext/localedata.jar:/Library/Java/JavaVirtualMachines/jdk1.8.0_131.jdk/Contents/Home/jre/lib/ext/nashorn.jar:/Library/Java/JavaVirtualMachines/jdk1.8.0_131.jdk/Contents/Home/jre/lib/ext/sunec.jar:/Library/Java/JavaVirtualMachines/jdk1.8.0_131.jdk/Contents/Home/jre/lib/ext/sunjce_provider.jar:/Library/Java/JavaVirtualMachines/jdk1.8.0_131.jdk/Contents/Home/jre/lib/ext/sunpkcs11.jar:/Library/Java/JavaVirtualMachines/jdk1.8.0_131.jdk/Contents/Home/jre/lib/ext/zipfs.jar:/Library/Java/JavaVirtualMachines/jdk1.8.0_131.jdk/Contents/Home/jre/lib/javaws.jar:/Library/Java/JavaVirtualMachines/jdk1.8.0_131.jdk/Contents/Home/jre/lib/jce.jar:/Library/Java/JavaVirtualMachines/jdk1.8.0_131.jdk/Contents/Home/jre/lib/jfr.jar:/Library/Java/JavaVirtualMachines/jdk1.8.0_131.jdk/Contents/Home/jre/lib/jfxswt.jar:/Library/Java/JavaVirtualMachines/jdk1.8.0_131.jdk/Contents/Home/jre/lib/jsse.jar:/Library/Java/JavaVirtualMachines/jdk1.8.0_131.jdk/Contents/Home/jre/lib/management-agent.jar:/Library/Java/JavaVirtualMachines/jdk1.8.0_131.jdk/Contents/Home/jre/lib/plugin.jar:/Library/Java/JavaVirtualMachines/jdk1.8.0_131.jdk/Contents/Home/jre/lib/resources.jar:/Library/Java/JavaVirtualMachines/jdk1.8.0_131.jdk/Contents/Home/jre/lib/rt.jar:/Library/Java/JavaVirtualMachines/jdk1.8.0_131.jdk/Contents/Home/lib/ant-javafx.jar:/Library/Java/JavaVirtualMachines/jdk1.8.0_131.jdk/Contents/Home
Launcher Type: SUN_STANDARD

Environment Variables:
PATH=/usr/local/bin:/usr/bin:/bin:/usr/sbin:/sbin:/usr/local/sbin:/opt/X11/bin:/usr/local/share/dotnet:~/.dotnet/tools:/Library/Frameworks/Mono.framework/Versions/Current/Commands:/Applications/Xamarin Workbooks.app/Contents/SharedSupport/path-bin
SHELL=/bin/bash
DISPLAY=/private/tmp/com.apple.launchd.55yNmPOklF/org.macosforge.xquartz:0

Signal Handlers:
SIGSEGV: [libjvm.dylib+0x5b1eb1], sa_mask[0]=11111111011111110111111111111111, sa_flags=SA_ONSTACK|SA_RESTART|SA_SIGINFO
SIGBUS: [libjvm.dylib+0x5b1eb1], sa_mask[0]=11111111011111110111111111111111, sa_flags=SA_RESTART|SA_SIGINFO
SIGFPE: [libjvm.dylib+0x488988], sa_mask[0]=11111111011111110111111111111111, sa_flags=SA_RESTART|SA_SIGINFO
SIGPIPE: [libjvm.dylib+0x488988], sa_mask[0]=11111111011111110111111111111111, sa_flags=SA_RESTART|SA_SIGINFO
SIGXFSZ: [libjvm.dylib+0x488988], sa_mask[0]=11111111011111110111111111111111, sa_flags=SA_RESTART|SA_SIGINFO
SIGILL: [libjvm.dylib+0x488988], sa_mask[0]=11111111011111110111111111111111, sa_flags=SA_RESTART|SA_SIGINFO
SIGUSR1: SIG_DFL, sa_mask[0]=00000000000000000000000000000000, sa_flags=none
SIGUSR2: [libjvm.dylib+0x4884a6], sa_mask[0]=00100000000000000000000000000000, sa_flags=SA_RESTART|SA_SIGINFO
SIGHUP: [libjvm.dylib+0x486a7d], sa_mask[0]=11111111011111110111111111111111, sa_flags=SA_RESTART|SA_SIGINFO
SIGINT: [libjvm.dylib+0x486a7d], sa_mask[0]=11111111011111110111111111111111, sa_flags=SA_RESTART|SA_SIGINFO
SIGTERM: [libjvm.dylib+0x486a7d], sa_mask[0]=11111111011111110111111111111111, sa_flags=SA_RESTART|SA_SIGINFO
SIGQUIT: [libjvm.dylib+0x486a7d], sa_mask[0]=11111111011111110111111111111111, sa_flags=SA_RESTART|SA_SIGINFO


---------------  S Y S T E M  ---------------

OS:Bsduname:Darwin 18.2.0 Darwin Kernel Version 18.2.0: Fri Oct  5 19:41:49 PDT 2018; root:xnu-4903.221.2~2/RELEASE_X86_64 x86_64
rlimit: STACK 8192k, CORE 0k, NPROC 1418, NOFILE 10240, AS infinity
load average:2.41 2.63 2.43

CPU:total 4 (initial active 4) (2 cores per cpu, 2 threads per core) family 6 model 69 stepping 1, cmov, cx8, fxsr, mmx, sse, sse2, sse3, ssse3, sse4.1, sse4.2, popcnt, avx, avx2, aes, clmul, erms, lzcnt, ht, tsc, tscinvbit, bmi1, bmi2

Memory: 4k page, physical 16777216k(159260k free)

/proc/meminfo:


vm_info: Java HotSpot(TM) 64-Bit Server VM (25.131-b11) for bsd-amd64 JRE (1.8.0_131-b11), built on Mar 15 2017 01:32:22 by "java_re" with gcc 4.2.1 (Based on Apple Inc. build 5658) (LLVM build 2336.11.00)

time: Mon Nov 26 21:58:02 2018
elapsed time: 6 seconds (0d 0h 0m 6s)

